Logging initialized using configuration in file:/Users/jaywang/Desktop/Tez/hive-0.13.1/conf/hive-log4j.properties
2015-04-24 15:46:12.732 java[94537:995606] Unable to load realm info from SCDynamicStore
OK
STAGE DEPENDENCIES:
  Stage-1 is a root stage
  Stage-2 depends on stages: Stage-1
  Stage-0 depends on stages: Stage-2
  Stage-3 depends on stages: Stage-0

STAGE PLANS:
  Stage: Stage-1
    Map Reduce
      Map Operator Tree:
          TableScan
            alias: lineitem
            Statistics: Num rows: 2288744 Data size: 759863296 Basic stats: COMPLETE Column stats: NONE
            Filter Operator
              predicate: (l_shipdate <= '1998-09-02') (type: boolean)
              Statistics: Num rows: 762914 Data size: 253287543 Basic stats: COMPLETE Column stats: NONE
              Select Operator
                expressions: l_returnflag (type: string), l_linestatus (type: string), l_quantity (type: double), l_extendedprice (type: double), l_discount (type: double), l_tax (type: double)
                outputColumnNames: l_returnflag, l_linestatus, l_quantity, l_extendedprice, l_discount, l_tax
                Statistics: Num rows: 762914 Data size: 253287543 Basic stats: COMPLETE Column stats: NONE
                Group By Operator
                  aggregations: sum(l_quantity), sum(l_extendedprice), sum((l_extendedprice * (1 - l_discount))), sum(((l_extendedprice * (1 - l_discount)) * (1 + l_tax))), avg(l_quantity), avg(l_extendedprice), avg(l_discount), count(1)
                  keys: l_returnflag (type: string), l_linestatus (type: string)
                  mode: hash
                  outputColumnNames: _col0, _col1, _col2, _col3, _col4, _col5, _col6, _col7, _col8, _col9
                  Statistics: Num rows: 762914 Data size: 253287543 Basic stats: COMPLETE Column stats: NONE
                  Reduce Output Operator
                    key expressions: _col0 (type: string), _col1 (type: string)
                    sort order: ++
                    Map-reduce partition columns: _col0 (type: string), _col1 (type: string)
                    Statistics: Num rows: 762914 Data size: 253287543 Basic stats: COMPLETE Column stats: NONE
                    value expressions: _col2 (type: double), _col3 (type: double), _col4 (type: double), _col5 (type: double), _col6 (type: struct<count:bigint,sum:double,input:double>), _col7 (type: struct<count:bigint,sum:double,input:double>), _col8 (type: struct<count:bigint,sum:double,input:double>), _col9 (type: bigint)
      Reduce Operator Tree:
        Group By Operator
          aggregations: sum(VALUE._col0), sum(VALUE._col1), sum(VALUE._col2), sum(VALUE._col3), avg(VALUE._col4), avg(VALUE._col5), avg(VALUE._col6), count(VALUE._col7)
          keys: KEY._col0 (type: string), KEY._col1 (type: string)
          mode: mergepartial
          outputColumnNames: _col0, _col1, _col2, _col3, _col4, _col5, _col6, _col7, _col8, _col9
          Statistics: Num rows: 381457 Data size: 126643771 Basic stats: COMPLETE Column stats: NONE
          Select Operator
            expressions: _col0 (type: string), _col1 (type: string), _col2 (type: double), _col3 (type: double), _col4 (type: double), _col5 (type: double), _col6 (type: double), _col7 (type: double), _col8 (type: double), _col9 (type: bigint)
            outputColumnNames: _col0, _col1, _col2, _col3, _col4, _col5, _col6, _col7, _col8, _col9
            Statistics: Num rows: 381457 Data size: 126643771 Basic stats: COMPLETE Column stats: NONE
            File Output Operator
              compressed: false
              table:
                  input format: org.apache.hadoop.mapred.SequenceFileInputFormat
                  output format: org.apache.hadoop.hive.ql.io.HiveSequenceFileOutputFormat
                  serde: org.apache.hadoop.hive.serde2.lazybinary.LazyBinarySerDe

  Stage: Stage-2
    Map Reduce
      Map Operator Tree:
          TableScan
            Reduce Output Operator
              key expressions: _col0 (type: string), _col1 (type: string)
              sort order: ++
              Statistics: Num rows: 381457 Data size: 126643771 Basic stats: COMPLETE Column stats: NONE
              value expressions: _col0 (type: string), _col1 (type: string), _col2 (type: double), _col3 (type: double), _col4 (type: double), _col5 (type: double), _col6 (type: double), _col7 (type: double), _col8 (type: double), _col9 (type: bigint)
      Reduce Operator Tree:
        Extract
          Statistics: Num rows: 381457 Data size: 126643771 Basic stats: COMPLETE Column stats: NONE
          Select Operator
            expressions: _col0 (type: string), _col1 (type: string), _col2 (type: double), _col3 (type: double), _col4 (type: double), _col5 (type: double), _col6 (type: double), _col7 (type: double), _col8 (type: double), UDFToInteger(_col9) (type: int)
            outputColumnNames: _col0, _col1, _col2, _col3, _col4, _col5, _col6, _col7, _col8, _col9
            Statistics: Num rows: 381457 Data size: 126643771 Basic stats: COMPLETE Column stats: NONE
            File Output Operator
              compressed: false
              Statistics: Num rows: 381457 Data size: 126643771 Basic stats: COMPLETE Column stats: NONE
              table:
                  input format: org.apache.hadoop.mapred.TextInputFormat
                  output format: org.apache.hadoop.hive.ql.io.HiveIgnoreKeyTextOutputFormat
                  serde: org.apache.hadoop.hive.serde2.lazy.LazySimpleSerDe
                  name: default.q1_pricing_summary_report

  Stage: Stage-0
    Move Operator
      tables:
          replace: true
          table:
              input format: org.apache.hadoop.mapred.TextInputFormat
              output format: org.apache.hadoop.hive.ql.io.HiveIgnoreKeyTextOutputFormat
              serde: org.apache.hadoop.hive.serde2.lazy.LazySimpleSerDe
              name: default.q1_pricing_summary_report

  Stage: Stage-3
    Stats-Aggr Operator

Time taken: 2.409 seconds, Fetched: 88 row(s)