STAGE DEPENDENCIES:
  Stage-1 is a root stage
  Stage-2 depends on stages: Stage-1
  Stage-0 is a root stage

STAGE PLANS:
  Stage: Stage-1
    Map Reduce
      Map Operator Tree:
          TableScan
            alias: income
            Statistics: Num rows: 34532 Data size: 3591413 Basic stats: COMPLETE Column stats: NONE
            Select Operator
              expressions: native_country (type: string), hours_per_week (type: int)
              outputColumnNames: native_country, hours_per_week
              Statistics: Num rows: 34532 Data size: 3591413 Basic stats: COMPLETE Column stats: NONE
              Group By Operator
                aggregations: avg(hours_per_week)
                keys: native_country (type: string)
                mode: hash
                outputColumnNames: _col0, _col1
                Statistics: Num rows: 34532 Data size: 3591413 Basic stats: COMPLETE Column stats: NONE
                Reduce Output Operator
                  key expressions: _col0 (type: string)
                  sort order: +
                  Map-reduce partition columns: _col0 (type: string)
                  Statistics: Num rows: 34532 Data size: 3591413 Basic stats: COMPLETE Column stats: NONE
                  value expressions: _col1 (type: struct<count:bigint,sum:double,input:int>)
      Reduce Operator Tree:
        Group By Operator
          aggregations: avg(VALUE._col0)
          keys: KEY._col0 (type: string)
          mode: mergepartial
          outputColumnNames: _col0, _col1
          Statistics: Num rows: 17266 Data size: 1795706 Basic stats: COMPLETE Column stats: NONE
          Select Operator
            expressions: _col0 (type: string), _col1 (type: double)
            outputColumnNames: _col0, _col1
            Statistics: Num rows: 17266 Data size: 1795706 Basic stats: COMPLETE Column stats: NONE
            File Output Operator
              compressed: false
              table:
                  input format: org.apache.hadoop.mapred.SequenceFileInputFormat
                  output format: org.apache.hadoop.hive.ql.io.HiveSequenceFileOutputFormat
                  serde: org.apache.hadoop.hive.serde2.lazybinary.LazyBinarySerDe

  Stage: Stage-2
    Map Reduce
      Map Operator Tree:
          TableScan
            Reduce Output Operator
              key expressions: _col1 (type: double)
              sort order: -
              Statistics: Num rows: 17266 Data size: 1795706 Basic stats: COMPLETE Column stats: NONE
              value expressions: _col0 (type: string), _col1 (type: double)
      Reduce Operator Tree:
        Extract
          Statistics: Num rows: 17266 Data size: 1795706 Basic stats: COMPLETE Column stats: NONE
          File Output Operator
            compressed: false
            Statistics: Num rows: 17266 Data size: 1795706 Basic stats: COMPLETE Column stats: NONE
            table:
                input format: org.apache.hadoop.mapred.TextInputFormat
                output format: org.apache.hadoop.hive.ql.io.HiveIgnoreKeyTextOutputFormat
                serde: org.apache.hadoop.hive.serde2.lazy.LazySimpleSerDe

  Stage: Stage-0
    Fetch Operator
      limit: -1

Time taken: 1.778 seconds, Fetched: 70 row(s)