Logging initialized using configuration in file:/Users/jaywang/Desktop/Tez/hive-0.13.1/conf/hive-log4j.properties
2015-04-13 22:53:24.608 java[42583:1609645] Unable to load realm info from SCDynamicStore
OK
STAGE DEPENDENCIES:
  Stage-1 is a root stage
  Stage-0 is a root stage

STAGE PLANS:
  Stage: Stage-1
    Tez
      Edges:
        Map 2 <- Map 1 (BROADCAST_EDGE)
      DagName: :1
      Vertices:
        Map 1 
            Map Operator Tree:
                TableScan
                  alias: w
                  Statistics: Num rows: 28872 Data size: 346469 Basic stats: COMPLETE Column stats: NONE
                  Reduce Output Operator
                    key expressions: zip_code (type: int)
                    sort order: +
                    Map-reduce partition columns: zip_code (type: int)
                    Statistics: Num rows: 28872 Data size: 346469 Basic stats: COMPLETE Column stats: NONE
                    value expressions: percent_overweight_obese (type: double)
        Map 2 
            Map Operator Tree:
                TableScan
                  alias: p
                  Statistics: Num rows: 81374 Data size: 976497 Basic stats: COMPLETE Column stats: NONE
                  Map Join Operator
                    condition map:
                         Inner Join 0 to 1
                    condition expressions:
                      0 {percent_overweight_obese}
                      1 {zip_code} {pop_density_sq_mi}
                    keys:
                      0 zip_code (type: int)
                      1 zip_code (type: int)
                    outputColumnNames: _col7, _col15, _col18
                    Statistics: Num rows: 89511 Data size: 1074146 Basic stats: COMPLETE Column stats: NONE
                    Select Operator
                      expressions: _col15 (type: int), _col18 (type: double), _col7 (type: double)
                      outputColumnNames: _col0, _col1, _col2
                      Statistics: Num rows: 89511 Data size: 1074146 Basic stats: COMPLETE Column stats: NONE
                      Limit
                        Number of rows: 10
                        Statistics: Num rows: 10 Data size: 120 Basic stats: COMPLETE Column stats: NONE
                        File Output Operator
                          compressed: false
                          Statistics: Num rows: 10 Data size: 120 Basic stats: COMPLETE Column stats: NONE
                          table:
                              input format: org.apache.hadoop.mapred.TextInputFormat
                              output format: org.apache.hadoop.hive.ql.io.HiveIgnoreKeyTextOutputFormat
                              serde: org.apache.hadoop.hive.serde2.lazy.LazySimpleSerDe

  Stage: Stage-0
    Fetch Operator
      limit: 10

Time taken: 1.874 seconds, Fetched: 57 row(s)